Config: net
layers = [10, 15, 20]
window_vert_overlap = 3
window_horiz_overlap = 3
window_height = 5
density = 0.8
window_width = 5
threads = 1
lms
epochs = 10
learning_rate = 0.05
annealing_tsc = 20.0
weight_randomization
max = 0.1
min = -0.1
faces
train_percent = 60
men = 2
report_frequency = 1
stop_error = 0.3

Net cache:
9025 21160 5290 1500 375 20 2
Loaded 3200 images
Train/Test: 96/64
Training for 10 epochs... (using 1 threads)
0       3.30708488707   3.23736752249
1       3.24212722612   3.23956348294
2       3.25029183764   3.23474583217
3       3.24172702372   3.23170286405
4       3.22852272252   3.24535350431
5       3.14762550991   3.1094443758
6       2.30906125801   0.706667984939
7       0.458272094724  0.266599084955
Training finished
Testing:
Man: 2
Position: 10
Shift: 4
Noise: 0
Output:
1: -1.90
2: 1.90

Man: 1
Position: 4
Shift: 2
Noise: 1
Output:
1: 2.35
2: -2.35

Man: 1
Position: 5
Shift: 3
Noise: 0
Output:
1: 1.89
2: -1.89

Man: 2
Position: 2
Shift: 4
Noise: 0
Output:
1: -1.67
2: 1.67

Man: 1
Position: 10
Shift: 2
Noise: 1
Output:
1: 1.19
2: -1.19
Starting at 2009-12-08 14:19:43.060580
Config: net
 layers = [10, 15, 20]
 window_vert_overlap = 3
 window_horiz_overlap = 3
 window_height = 5
 density = 0.8
 window_width = 5
 threads = 1
lms
 epochs = 10
 learning_rate = 0.05
 annealing_tsc = 20.0
weight_randomization
 max = 0.1
 min = -0.1
faces
 train_percent = 60
 men = 2
 report_frequency = 1
 stop_error = 0.3

Net cache:
9025 21160 5290 1500 375 20 2
Loaded 3200 images
Train/Test: 96/64
Training for 10 epochs... (using 1 threads)
0	3.24621325781	3.23970651618
1	3.24040551127	3.23998639207
2	3.2401148142	3.2399377712
3	3.24899376498	3.2399671845
4	3.24365317747	3.23974859491
5	3.24002528094	3.23852388871
6	3.24203801824	3.24059775194
7	3.24379337578	3.23981299145
8	3.24185114324	3.23966565861
9	3.24085823051	3.23951323603
Training finished
Testing:
Man: 2
Position: 10
Shift: 2
Noise: 0
Output:
1: 0.00
2: -0.00

Man: 1
Position: 2
Shift: 4
Noise: 1
Output:
1: 0.00
2: -0.00

Man: 2
Position: 9
Shift: 4
Noise: 0
Output:
1: 0.00
2: -0.00

Man: 1
Position: 6
Shift: 3
Noise: 1
Output:
1: 0.00
2: -0.00

Man: 1
Position: 6
Shift: 2
Noise: 1
Output:
1: 0.00
2: -0.00

Finished at 2009-12-08 18:10:32.791660
Starting at 2009-12-08 19:06:23.808464
Config: net
 layers = [10, 15, 20]
 window_vert_overlap = 3
 window_horiz_overlap = 3
 window_height = 5
 density = 0.8
 window_width = 5
 threads = 1
lms
 epochs = 10
 learning_rate = 0.05
 annealing_tsc = 20.0
weight_randomization
 max = 0.1
 min = -0.1
faces
 train_percent = 60
 men = 2
 report_frequency = 1
 stop_error = 0.3

Net cache:
9025 21160 5290 1500 375 20 2
Loaded 3200 images
Train/Test: 96/64
Training for 10 epochs... (using 1 threads)
0	3.25480756246	3.26235434291
1	3.25390003173	3.24840390541
2	3.23591856168	3.07108071733
3	2.69785201583	1.32461229608
4	0.699266947259	0.696712402373
5	0.396768663667	0.430450502632
6	0.298528181629	0.372566647535
7	0.214164315542	0.293266789728
Training finished
Testing:
Man: 1
Position: 5
Shift: 4
Noise: 1
Output:
1: 1.90
2: -1.90

Man: 1
Position: 7
Shift: 2
Noise: 0
Output:
1: 1.81
2: -1.81

Man: 2
Position: 8
Shift: 4
Noise: 0
Output:
1: -1.80
2: 1.80

Man: 2
Position: 1
Shift: 2
Noise: 0
Output:
1: -1.56
2: 1.56

Man: 1
Position: 3
Shift: 1
Noise: 1
Output:
1: 1.01
2: -1.01

Finished at 2009-12-08 22:13:54.885656
Starting at 2009-12-10 18:19:16.508506
Config: net
 layers = [10, 15, 20]
 window_vert_overlap = 3
 window_horiz_overlap = 3
 window_height = 5
 density = 0.8
 window_width = 5
 threads = 1
lms
 epochs = 10
 learning_rate = 0.15
 annealing_tsc = 20.0
weight_randomization
 max = 0.1
 min = -0.1
faces
 train_percent = 60
 men = 2
 report_frequency = 1
 stop_error = 0.3

Net cache:
9025 21160 5290 1500 375 20 2
Loaded 3200 images
Train/Test: 96/64
Training for 10 epochs... (using 1 threads)
0	4.51006273334e+141	1.76992871215e+145
1	5.25165665343e+292	1.83602576278e+296
2	nan	nan
3	nan	nan
4	nan	nan
5	nan	nan
6	nan	nan
7	nan	nan
8	nan	nan
9	nan	nan
Training finished
Testing:
Man: 2
Position: 9
Shift: 3
Noise: 1
Output:
1: nan
2: nan

Man: 2
Position: 7
Shift: 1
Noise: 0
Output:
1: nan
2: nan

Man: 1
Position: 3
Shift: 3
Noise: 0
Output:
1: nan
2: nan

Man: 2
Position: 10
Shift: 1
Noise: 1
Output:
1: nan
2: nan

Man: 2
Position: 2
Shift: 1
Noise: 0
Output:
1: nan
2: nan

Finished at 2009-12-10 22:11:27.596915
Starting at 2009-12-11 13:37:16.057529
Config: net
 layers = [10, 15, 20]
 window_vert_overlap = 3
 window_horiz_overlap = 3
 window_height = 5
 density = 0.8
 window_width = 5
 threads = 1
lms
 epochs = 10
 learning_rate = 0.15
 annealing_tsc = 20.0
weight_randomization
 max = 0.1
 min = -0.1
faces
 train_percent = 60
 men = 2
 report_frequency = 1
 stop_error = 0.3

Net cache:
9025 21160 5290 1500 375 20 2
Loaded 3200 images
Train/Test: 96/64
Training for 10 epochs... (using 1 threads)
0	3.50376578466	3.24017059026
1	3.23902784159	3.23359696245
2	3.22422233747	3.17390579464
3	7.65743369502e+66	2.14357187317e+70
4	4.3336096943e+204	1.08962871123e+208
5	nan	nan
6	nan	nan
7	nan	nan
8	nan	nan
9	nan	nan
Training finished
Testing:
Man: 1
Position: 2
Shift: 1
Noise: 1
Output:
1: nan
2: nan

Man: 2
Position: 5
Shift: 3
Noise: 0
Output:
1: nan
2: nan

Man: 2
Position: 10
Shift: 1
Noise: 0
Output:
1: nan
2: nan

Man: 2
Position: 10
Shift: 3
Noise: 1
Output:
1: nan
2: nan

Man: 2
Position: 6
Shift: 3
Noise: 1
Output:
1: nan
2: nan

Finished at 2009-12-11 17:29:27.497275
Starting at 2009-12-12 18:17:49.643382
Config: net
 layers = [10, 15, 20]
 window_vert_overlap = 3
 window_horiz_overlap = 3
 window_height = 5
 density = 0.8
 window_width = 5
 threads = 1
lms
 epochs = 5
 learning_rate = 0.05
 annealing_tsc = 10.0
weight_randomization
 max = 0.1
 min = -0.1
faces
 train_percent = 60
 men = 2
 report_frequency = 1
 stop_error = 0.3

Net cache:
9025 21160 5290 1500 375 20 2
Loaded 3200 images
Train/Test: 96/64
Training for 5 epochs... (using 1 threads)
0	3.25503543553	3.24405347017
1	3.25908308248	3.18263803763
2	3.08515397662	2.52887000462
3	1.38764383808	1.33412110196
4	0.703880981945	0.697544865736
Training finished
Testing:
Man: 1
Position: 1
Shift: 2
Noise: 0
Output:
1: 1.15
2: -1.15

Man: 1
Position: 1
Shift: 1
Noise: 0
Output:
1: 1.07
2: -1.07

Man: 1
Position: 1
Shift: 2
Noise: 1
Output:
1: 1.65
2: -1.65

Man: 1
Position: 1
Shift: 2
Noise: 0
Output:
1: 1.15
2: -1.15

Man: 1
Position: 7
Shift: 3
Noise: 1
Output:
1: 1.96
2: -1.96

Finished at 2009-12-12 20:09:59.227208
Starting at 2009-12-12 23:55:56.844077
Config: net
 layers = [10, 15, 20]
 window_vert_overlap = 3
 window_horiz_overlap = 3
 window_height = 5
 density = 0.8
 window_width = 5
 threads = 1
lms
 epochs = 20
 learning_rate = 0.05
 annealing_tsc = 10.0
weight_randomization
 max = 0.1
 min = -0.1
faces
 train_percent = 60
 men = 4
 report_frequency = 1
 stop_error = 0.3

Net cache:
9025 21160 5290 1500 375 20 4
Loaded 3200 images
Train/Test: 192/128
Training for 20 epochs... (using 1 threads)
0	5.15574778469	4.9517357925
1	4.97531840534	4.91383927549
2	4.95260932809	4.963702664
3	4.93840703002	4.91630555386
4	4.91614242284	4.97957624382
5	4.92608286476	4.88431335788
6	4.90979417414	4.94713015113
7	4.90150466672	4.91209891247
8	4.89556068335	4.89905444208
9	4.88270815466	4.95758230849
10	4.89810602107	4.89399048777
11	4.8873707576	4.88490547651
12	4.88093573314	4.91123675117
13	4.88647770449	4.90031865809
14	4.87583389146	4.97378095724
15	4.88543620527	4.91699905957
16	4.88369208157	4.90360051892
17	4.87304211987	4.91757548661
18	4.87701533903	4.91641014684
19	4.86737029934	4.92591212269
Training finished
Testing:
Man: 3
Position: 7
Shift: 2
Noise: 1
Output:
1: -0.98
2: -0.83
3: -0.91
4: -0.68

Man: 4
Position: 5
Shift: 4
Noise: 1
Output:
1: -1.02
2: -0.86
3: -0.95
4: -0.71

Man: 2
Position: 8
Shift: 4
Noise: 1
Output:
1: -1.03
2: -0.87
3: -0.96
4: -0.72

Man: 3
Position: 4
Shift: 3
Noise: 0
Output:
1: -1.07
2: -0.91
3: -1.00
4: -0.75

Man: 2
Position: 8
Shift: 4
Noise: 1
Output:
1: -1.03
2: -0.87
3: -0.96
4: -0.72

Finished at 2009-12-13 14:47:43.342038
