Config: net
layers = [10, 15, 20]
window_vert_overlap = 3
window_horiz_overlap = 3
window_height = 5
density = 0.8
window_width = 5
threads = 1
lms
epochs = 10
learning_rate = 0.05
annealing_tsc = 20.0
weight_randomization
max = 0.1
min = -0.1
faces
train_percent = 60
men = 2
report_frequency = 1
stop_error = 0.3

Net cache:
9025 21160 5290 1500 375 20 2
Loaded 3200 images
Train/Test: 96/64
Training for 10 epochs... (using 1 threads)
0       3.30708488707   3.23736752249
1       3.24212722612   3.23956348294
2       3.25029183764   3.23474583217
3       3.24172702372   3.23170286405
4       3.22852272252   3.24535350431
5       3.14762550991   3.1094443758
6       2.30906125801   0.706667984939
7       0.458272094724  0.266599084955
Training finished
Testing:
Man: 2
Position: 10
Shift: 4
Noise: 0
Output:
1: -1.90
2: 1.90

Man: 1
Position: 4
Shift: 2
Noise: 1
Output:
1: 2.35
2: -2.35

Man: 1
Position: 5
Shift: 3
Noise: 0
Output:
1: 1.89
2: -1.89

Man: 2
Position: 2
Shift: 4
Noise: 0
Output:
1: -1.67
2: 1.67

Man: 1
Position: 10
Shift: 2
Noise: 1
Output:
1: 1.19
2: -1.19
Starting at 2009-12-08 14:19:43.060580
Config: net
 layers = [10, 15, 20]
 window_vert_overlap = 3
 window_horiz_overlap = 3
 window_height = 5
 density = 0.8
 window_width = 5
 threads = 1
lms
 epochs = 10
 learning_rate = 0.05
 annealing_tsc = 20.0
weight_randomization
 max = 0.1
 min = -0.1
faces
 train_percent = 60
 men = 2
 report_frequency = 1
 stop_error = 0.3

Net cache:
9025 21160 5290 1500 375 20 2
Loaded 3200 images
Train/Test: 96/64
Training for 10 epochs... (using 1 threads)
0	3.24621325781	3.23970651618
1	3.24040551127	3.23998639207
2	3.2401148142	3.2399377712
3	3.24899376498	3.2399671845
4	3.24365317747	3.23974859491
5	3.24002528094	3.23852388871
6	3.24203801824	3.24059775194
7	3.24379337578	3.23981299145
8	3.24185114324	3.23966565861
9	3.24085823051	3.23951323603
Training finished
Testing:
Man: 2
Position: 10
Shift: 2
Noise: 0
Output:
1: 0.00
2: -0.00

Man: 1
Position: 2
Shift: 4
Noise: 1
Output:
1: 0.00
2: -0.00

Man: 2
Position: 9
Shift: 4
Noise: 0
Output:
1: 0.00
2: -0.00

Man: 1
Position: 6
Shift: 3
Noise: 1
Output:
1: 0.00
2: -0.00

Man: 1
Position: 6
Shift: 2
Noise: 1
Output:
1: 0.00
2: -0.00

Finished at 2009-12-08 18:10:32.791660
Starting at 2009-12-08 19:06:23.808464
Config: net
 layers = [10, 15, 20]
 window_vert_overlap = 3
 window_horiz_overlap = 3
 window_height = 5
 density = 0.8
 window_width = 5
 threads = 1
lms
 epochs = 10
 learning_rate = 0.05
 annealing_tsc = 20.0
weight_randomization
 max = 0.1
 min = -0.1
faces
 train_percent = 60
 men = 2
 report_frequency = 1
 stop_error = 0.3

Net cache:
9025 21160 5290 1500 375 20 2
Loaded 3200 images
Train/Test: 96/64
Training for 10 epochs... (using 1 threads)
0	3.25480756246	3.26235434291
1	3.25390003173	3.24840390541
2	3.23591856168	3.07108071733
3	2.69785201583	1.32461229608
4	0.699266947259	0.696712402373
5	0.396768663667	0.430450502632
6	0.298528181629	0.372566647535
7	0.214164315542	0.293266789728
Training finished
Testing:
Man: 1
Position: 5
Shift: 4
Noise: 1
Output:
1: 1.90
2: -1.90

Man: 1
Position: 7
Shift: 2
Noise: 0
Output:
1: 1.81
2: -1.81

Man: 2
Position: 8
Shift: 4
Noise: 0
Output:
1: -1.80
2: 1.80

Man: 2
Position: 1
Shift: 2
Noise: 0
Output:
1: -1.56
2: 1.56

Man: 1
Position: 3
Shift: 1
Noise: 1
Output:
1: 1.01
2: -1.01

Finished at 2009-12-08 22:13:54.885656
Starting at 2009-12-10 18:19:16.508506
Config: net
 layers = [10, 15, 20]
 window_vert_overlap = 3
 window_horiz_overlap = 3
 window_height = 5
 density = 0.8
 window_width = 5
 threads = 1
lms
 epochs = 10
 learning_rate = 0.15
 annealing_tsc = 20.0
weight_randomization
 max = 0.1
 min = -0.1
faces
 train_percent = 60
 men = 2
 report_frequency = 1
 stop_error = 0.3

Net cache:
9025 21160 5290 1500 375 20 2
Loaded 3200 images
Train/Test: 96/64
Training for 10 epochs... (using 1 threads)
0	4.51006273334e+141	1.76992871215e+145
1	5.25165665343e+292	1.83602576278e+296
2	nan	nan
3	nan	nan
4	nan	nan
5	nan	nan
6	nan	nan
7	nan	nan
8	nan	nan
9	nan	nan
Training finished
Testing:
Man: 2
Position: 9
Shift: 3
Noise: 1
Output:
1: nan
2: nan

Man: 2
Position: 7
Shift: 1
Noise: 0
Output:
1: nan
2: nan

Man: 1
Position: 3
Shift: 3
Noise: 0
Output:
1: nan
2: nan

Man: 2
Position: 10
Shift: 1
Noise: 1
Output:
1: nan
2: nan

Man: 2
Position: 2
Shift: 1
Noise: 0
Output:
1: nan
2: nan

Finished at 2009-12-10 22:11:27.596915
Starting at 2009-12-11 13:37:16.057529
Config: net
 layers = [10, 15, 20]
 window_vert_overlap = 3
 window_horiz_overlap = 3
 window_height = 5
 density = 0.8
 window_width = 5
 threads = 1
lms
 epochs = 10
 learning_rate = 0.15
 annealing_tsc = 20.0
weight_randomization
 max = 0.1
 min = -0.1
faces
 train_percent = 60
 men = 2
 report_frequency = 1
 stop_error = 0.3

Net cache:
9025 21160 5290 1500 375 20 2
Loaded 3200 images
Train/Test: 96/64
Training for 10 epochs... (using 1 threads)
0	3.50376578466	3.24017059026
1	3.23902784159	3.23359696245
2	3.22422233747	3.17390579464
3	7.65743369502e+66	2.14357187317e+70
4	4.3336096943e+204	1.08962871123e+208
5	nan	nan
6	nan	nan
7	nan	nan
8	nan	nan
9	nan	nan
Training finished
Testing:
Man: 1
Position: 2
Shift: 1
Noise: 1
Output:
1: nan
2: nan

Man: 2
Position: 5
Shift: 3
Noise: 0
Output:
1: nan
2: nan

Man: 2
Position: 10
Shift: 1
Noise: 0
Output:
1: nan
2: nan

Man: 2
Position: 10
Shift: 3
Noise: 1
Output:
1: nan
2: nan

Man: 2
Position: 6
Shift: 3
Noise: 1
Output:
1: nan
2: nan

Finished at 2009-12-11 17:29:27.497275
